This is pdfTeX, Version 3.14159265-2.6-1.40.18 (TeX Live 2017/Debian) (preloaded format=pdflatex 2019.4.9)  10 MAR 2020 14:26
entering extended mode
 restricted \write18 enabled.
 %&-line parsing enabled.
**shumko_ac6_curtain_stats.tex
(./shumko_ac6_curtain_stats.tex
LaTeX2e <2017-04-15>
Babel <3.18> and hyphenation patterns for 84 language(s) loaded.
(./agujournal2019.cls
Document Class: agujournal2019 01/14/2019
(/usr/share/texlive/texmf-dist/tex/latex/graphics/graphicx.sty
Package: graphicx 2017/06/01 v1.1a Enhanced LaTeX Graphics (DPC,SPQR)

(/usr/share/texlive/texmf-dist/tex/latex/graphics/keyval.sty
Package: keyval 2014/10/28 v1.15 key=value parser (DPC)
\KV@toks@=\toks14
)
(/usr/share/texlive/texmf-dist/tex/latex/graphics/graphics.sty
Package: graphics 2017/06/25 v1.2c Standard LaTeX Graphics (DPC,SPQR)

(/usr/share/texlive/texmf-dist/tex/latex/graphics/trig.sty
Package: trig 2016/01/03 v1.10 sin cos tan (DPC)
)
(/usr/share/texlive/texmf-dist/tex/latex/graphics-cfg/graphics.cfg
File: graphics.cfg 2016/06/04 v1.11 sample graphics configuration
)
Package graphics Info: Driver file: pdftex.def on input line 99.

(/usr/share/texlive/texmf-dist/tex/latex/graphics-def/pdftex.def
File: pdftex.def 2018/01/08 v1.0l Graphics/color driver for pdftex
))
\Gin@req@height=\dimen102
\Gin@req@width=\dimen103
)
(/usr/share/texlive/texmf-dist/tex/latex/xcolor/xcolor.sty
Package: xcolor 2016/05/11 v2.12 LaTeX color extensions (UK)

(/usr/share/texlive/texmf-dist/tex/latex/graphics-cfg/color.cfg
File: color.cfg 2016/01/02 v1.6 sample color configuration
)
Package xcolor Info: Driver file: pdftex.def on input line 225.
Package xcolor Info: Model `cmy' substituted by `cmy0' on input line 1348.
Package xcolor Info: Model `hsb' substituted by `rgb' on input line 1352.
Package xcolor Info: Model `RGB' extended on input line 1364.
Package xcolor Info: Model `HTML' substituted by `rgb' on input line 1366.
Package xcolor Info: Model `Hsb' substituted by `hsb' on input line 1367.
Package xcolor Info: Model `tHsb' substituted by `hsb' on input line 1368.
Package xcolor Info: Model `HSB' substituted by `hsb' on input line 1369.
Package xcolor Info: Model `Gray' substituted by `gray' on input line 1370.
Package xcolor Info: Model `wave' substituted by `hsb' on input line 1371.
)
(/usr/share/texlive/texmf-dist/tex/latex/url/url.sty
\Urlmuskip=\muskip10
Package: url 2013/09/16  ver 3.4  Verb mode for urls, etc.
) (./trackchanges.sty
Package: trackchanges 2009/04/22 v0.7.0 TrackChanges file 

(/usr/share/texlive/texmf-dist/tex/latex/base/ifthen.sty
Package: ifthen 2014/09/29 v1.1c Standard LaTeX ifthen package (DPC)
)
(/usr/share/texlive/texmf-dist/tex/latex/tools/calc.sty
Package: calc 2014/10/28 v4.3 Infix arithmetic (KKT,FJ)
\calc@Acount=\count79
\calc@Bcount=\count80
\calc@Adimen=\dimen104
\calc@Bdimen=\dimen105
\calc@Askip=\skip41
\calc@Bskip=\skip42
LaTeX Info: Redefining \setlength on input line 80.
LaTeX Info: Redefining \addtolength on input line 81.
\calc@Ccount=\count81
\calc@Cskip=\skip43
)
(/usr/share/texlive/texmf-dist/tex/latex/soul/soul.sty
Package: soul 2003/11/17 v2.4 letterspacing/underlining (mf)
\SOUL@word=\toks15
\SOUL@lasttoken=\toks16
\SOUL@cmds=\toks17
\SOUL@buffer=\toks18
\SOUL@token=\toks19
\SOUL@spaceskip=\skip44
\SOUL@ttwidth=\dimen106
\SOUL@uldp=\dimen107
\SOUL@ulht=\dimen108
)
(/usr/share/texlive/texmf-dist/tex/latex/morefloats/morefloats.sty
Package: morefloats 2015/07/22 v1.0h Raise limit of unprocessed floats (HMM)

(/usr/share/texlive/texmf-dist/tex/latex/oberdiek/kvoptions.sty
Package: kvoptions 2016/05/16 v3.12 Key value format for package options (HO)

(/usr/share/texlive/texmf-dist/tex/generic/oberdiek/ltxcmds.sty
Package: ltxcmds 2016/05/16 v1.23 LaTeX kernel commands for general use (HO)
)
(/usr/share/texlive/texmf-dist/tex/generic/oberdiek/kvsetkeys.sty
Package: kvsetkeys 2016/05/16 v1.17 Key value parser (HO)

(/usr/share/texlive/texmf-dist/tex/generic/oberdiek/infwarerr.sty
Package: infwarerr 2016/05/16 v1.4 Providing info/warning/error messages (HO)
)
(/usr/share/texlive/texmf-dist/tex/generic/oberdiek/etexcmds.sty
Package: etexcmds 2016/05/16 v1.6 Avoid name clashes with e-TeX commands (HO)

(/usr/share/texlive/texmf-dist/tex/generic/oberdiek/ifluatex.sty
Package: ifluatex 2016/05/16 v1.4 Provides the ifluatex switch (HO)
Package ifluatex Info: LuaTeX not detected.
)
Package etexcmds Info: Could not find \expanded.
(etexcmds)             That can mean that you are not using pdfTeX 1.50 or
(etexcmds)             that some package has redefined \expanded.
(etexcmds)             In the latter case, load this package earlier.
)))
Package morefloats Info: Maximum number of possible floats asked for: 36
(morefloats)             (i.e. 18 more floats).
(morefloats)             LaTeX might run out of memory before this
(morefloats)             (in which case it will notify you).
)
\c@userid=\count82
\c@changenumber=\count83
\c@storefootnote=\count84
\c@numeditors=\count85
\c@maxeditors=\count86
)
(/usr/share/texlive/texmf-dist/tex/latex/lineno/lineno.sty
Package: lineno 2005/11/02 line numbers on paragraphs v4.41
\linenopenalty=\count87
\output=\toks20
\linenoprevgraf=\count88
\linenumbersep=\dimen109
\linenumberwidth=\dimen110
\c@linenumber=\count89
\c@pagewiselinenumber=\count90
\c@LN@truepage=\count91
\c@internallinenumber=\count92
\c@internallinenumbers=\count93
\quotelinenumbersep=\dimen111
\bframerule=\dimen112
\bframesep=\dimen113
\bframebox=\box26
LaTeX Info: Redefining \\ on input line 3056.
)
(/usr/share/texlive/texmf-dist/tex/latex/tools/indentfirst.sty
Package: indentfirst 1995/11/23 v1.03 Indent first paragraph (DPC)
)
(/usr/share/texlive/texmf-dist/tex/latex/ms/ragged2e.sty
Package: ragged2e 2009/05/21 v2.1 ragged2e Package (MS)

(/usr/share/texlive/texmf-dist/tex/latex/ms/everysel.sty
Package: everysel 2011/10/28 v1.2 EverySelectfont Package (MS)
)
\CenteringLeftskip=\skip45
\RaggedLeftLeftskip=\skip46
\RaggedRightLeftskip=\skip47
\CenteringRightskip=\skip48
\RaggedLeftRightskip=\skip49
\RaggedRightRightskip=\skip50
\CenteringParfillskip=\skip51
\RaggedLeftParfillskip=\skip52
\RaggedRightParfillskip=\skip53
\JustifyingParfillskip=\skip54
\CenteringParindent=\skip55
\RaggedLeftParindent=\skip56
\RaggedRightParindent=\skip57
\JustifyingParindent=\skip58
)
(/usr/share/texlive/texmf-dist/tex/latex/graphics/rotating.sty
Package: rotating 2016/08/11 v2.16d rotated objects in LaTeX
\c@r@tfl@t=\count94
\rotFPtop=\skip59
\rotFPbot=\skip60
\rot@float@box=\box27
\rot@mess@toks=\toks21
)
(/usr/share/texlive/texmf-dist/tex/generic/ulem/ulem.sty
\UL@box=\box28
\UL@hyphenbox=\box29
\UL@skip=\skip61
\UL@hook=\toks22
\UL@height=\dimen114
\UL@pe=\count95
\UL@pixel=\dimen115
\ULC@box=\box30
Package: ulem 2012/05/18
\ULdepth=\dimen116
)
\draftskip=\count96
\c@section=\count97
\c@subsection=\count98
\c@subsubsection=\count99
\c@paragraph=\count100
\c@subparagraph=\count101
\c@figure=\count102
\c@table=\count103
\abovecaptionskip=\skip62
\belowcaptionskip=\skip63
\c@appendnum=\count104
\bibindent=\dimen117

(/usr/share/texlive/texmf-dist/tex/latex/apacite/apacite.sty
Package: apacite 2013/07/21 v6.03 APA citation
\c@BibCnt=\count105
\bibleftmargin=\skip64
\bibindent=\skip65
\bibparsep=\skip66
\bibitemsep=\skip67
\biblabelsep=\skip68
))
(./shumko_ac6_curtain_stats.aux)
\openout1 = `shumko_ac6_curtain_stats.aux'.

LaTeX Font Info:    Checking defaults for OML/cmm/m/it on input line 45.
LaTeX Font Info:    ... okay on input line 45.
LaTeX Font Info:    Checking defaults for T1/cmr/m/n on input line 45.
LaTeX Font Info:    ... okay on input line 45.
LaTeX Font Info:    Checking defaults for OT1/cmr/m/n on input line 45.
LaTeX Font Info:    ... okay on input line 45.
LaTeX Font Info:    Checking defaults for OMS/cmsy/m/n on input line 45.
LaTeX Font Info:    ... okay on input line 45.
LaTeX Font Info:    Checking defaults for OMX/cmex/m/n on input line 45.
LaTeX Font Info:    ... okay on input line 45.
LaTeX Font Info:    Checking defaults for U/cmr/m/n on input line 45.
LaTeX Font Info:    ... okay on input line 45.

(/usr/share/texlive/texmf-dist/tex/context/base/mkii/supp-pdf.mkii
[Loading MPS to PDF converter (version 2006.09.02).]
\scratchcounter=\count106
\scratchdimen=\dimen118
\scratchbox=\box31
\nofMPsegments=\count107
\nofMParguments=\count108
\everyMPshowfont=\toks23
\MPscratchCnt=\count109
\MPscratchDim=\dimen119
\MPnumerator=\count110
\makeMPintoPDFobject=\count111
\everyMPtoPDFconversion=\toks24
) (/usr/share/texlive/texmf-dist/tex/latex/oberdiek/epstopdf-base.sty
Package: epstopdf-base 2016/05/15 v2.6 Base part for package epstopdf

(/usr/share/texlive/texmf-dist/tex/latex/oberdiek/grfext.sty
Package: grfext 2016/05/16 v1.2 Manage graphics extensions (HO)

(/usr/share/texlive/texmf-dist/tex/generic/oberdiek/kvdefinekeys.sty
Package: kvdefinekeys 2016/05/16 v1.4 Define keys (HO)
))
(/usr/share/texlive/texmf-dist/tex/generic/oberdiek/pdftexcmds.sty
Package: pdftexcmds 2018/01/21 v0.26 Utility functions of pdfTeX for LuaTeX (HO
)

(/usr/share/texlive/texmf-dist/tex/generic/oberdiek/ifpdf.sty
Package: ifpdf 2017/03/15 v3.2 Provides the ifpdf switch
)
Package pdftexcmds Info: LuaTeX not detected.
Package pdftexcmds Info: \pdf@primitive is available.
Package pdftexcmds Info: \pdf@ifprimitive is available.
Package pdftexcmds Info: \pdfdraftmode found.
)
Package epstopdf-base Info: Redefining graphics rule for `.eps' on input line 4
38.
Package grfext Info: Graphics extension search list:
(grfext)             [.pdf,.png,.jpg,.mps,.jpeg,.jbig2,.jb2,.PDF,.PNG,.JPG,.JPE
G,.JBIG2,.JB2,.eps]
(grfext)             \AppendGraphicsExtensions on input line 456.

(/usr/share/texlive/texmf-dist/tex/latex/latexconfig/epstopdf-sys.cfg
File: epstopdf-sys.cfg 2010/07/13 v1.3 Configuration of (r)epstopdf for TeX Liv
e
))

Package trackchanges Warning: TrackChanges is not compatable with the 
(trackchanges)                'ulem' package.
(trackchanges)                Use the 'soul' package instead.

ABD: EverySelectfont initializing macros
LaTeX Info: Redefining \selectfont on input line 45.
\c@maskedRefs=\count112

(/usr/share/texlive/texmf-dist/tex/latex/apacite/english.apc
File: english.apc 2013/07/21 v6.03 apacite language file
LaTeX Info: Redefining \BPBI on input line 129.
LaTeX Info: Redefining \BHBI on input line 130.
)
LaTeX Font Info:    External font `cmex10' loaded for size
(Font)              <7> on input line 55.
LaTeX Font Info:    External font `cmex10' loaded for size
(Font)              <5> on input line 55.
LaTeX Font Info:    External font `cmex10' loaded for size
(Font)              <8> on input line 58.
LaTeX Font Info:    External font `cmex10' loaded for size
(Font)              <6> on input line 58.

Overfull \hbox (5.93231pt too wide) in paragraph at lines 65--66
[]\OT1/cmr/m/n/10 We used the dual AeroCube-6 Cube-Sats to iden-tify sta-tion-a
ry, nar-row, and per- 
 []


Overfull \hbox (19.93234pt too wide) in paragraph at lines 66--67
[]\OT1/cmr/m/n/10 A sin-gle low Earth-orbiting space-craft can eas-ily misiden-
tify cur-tains as mi-croburst 
 []


Overfull \hbox (14.84883pt too wide) in paragraph at lines 67--68
[]\OT1/cmr/m/n/10 A few cur-tains were per-sis-tently scat-tered into the at-mo
-sphere for at least six sec- 
 []

[1{/var/lib/texmf/fonts/map/pdftex/updmap/pdftex.map}]

LaTeX Font Warning: Font shape `OT1/cmr/m/n' in size <10.5> not available
(Font)              size <10.95> substituted on input line 85.


LaTeX Font Warning: Font shape `OT1/cmr/bx/n' in size <10.5> not available
(Font)              size <10.95> substituted on input line 85.


Overfull \hbox (11.01566pt too wide) in paragraph at lines 96--96
[]\OT1/cmr/m/n/10 Introduce mi-crobursts and their ef-fect on at-mo-spheric che
m-istry. Maybe men-tion 
 []


Overfull \hbox (5.01572pt too wide) in paragraph at lines 96--96
[]\OT1/cmr/m/n/10 Introduce cur-tains and the pre-vail-ing hy-poth-e-sis link-i
ng cur-tains to mi-crobursts  
 []


Overfull \hbox (18.93239pt too wide) in paragraph at lines 96--96
[]\OT1/cmr/m/n/10 Our goal is to study three sta-tis-ti-cal prop-er-ties of cur
-tains: lo-ca-tion, spa-tial width, 
 []


Overfull \hbox (3.54338pt too wide) in paragraph at lines 96--96
\OT1/cmr/m/n/10 and pre-ferred ge-o-mag-netic con-di-tions. Lastly we will use 
the SAA to de-ter-mine 
 []


Overfull \hbox (16.55736pt too wide) in paragraph at lines 105--105
[]\OT1/cmr/m/n/10 Mention sep-a-ra-tion con-firmed with GPS and in-track lag ca
n be read-ily cal-cu-lated  
 []


Overfull \hbox (2.68227pt too wide) in paragraph at lines 117--117
[]\OT1/cmr/m/n/10 Shifted the AC6B time se-ries by the in-track lag and looked 
for times when the 
 []


Overfull \hbox (1.87663pt too wide) in paragraph at lines 117--117
[]\OT1/cmr/m/n/10 the cor-re-lated counts were bursty - de-fined as greater tha
n two stan-dard de-vi-a- 
 []


Overfull \hbox (20.349pt too wide) in paragraph at lines 117--117
[]\OT1/cmr/m/n/10 Events were au-to-mat-i-cally iden-ti-fied and checked by an 
au-thor to cat-a-log 1634 cur- 
 []

<figures/fig1.pdf, id=18, 987.20822pt x 361.35pt>
File: figures/fig1.pdf Graphic file (type pdf)
<use figures/fig1.pdf>
Package pdftex.def Info: figures/fig1.pdf  used on input line 120.
(pdftex.def)             Requested size: 397.48499pt x 145.49132pt.
LaTeX Font Info:    External font `cmex10' loaded for size
(Font)              <9> on input line 121.

Underfull \hbox (badness 10000) in paragraph at lines 121--121
\OT1/cmr/m/n/9 time in the top row and at the same po-si-tion in the bot-tom ro
w. To show the data at the same
 []


Underfull \hbox (badness 10000) in paragraph at lines 121--121
\OT1/cmr/m/n/9 po-si-tion the time se-ries data from one space-craft was shifte
d by the in-track lag and an-no-tated
 []


Overfull \hbox (6.9323pt too wide) in paragraph at lines 134--134
[]\OT1/cmr/m/n/10 Show cur-tain width and com-ment how nar-row they are. Whethe
r they are drift- 
 []


Overfull \hbox (12.32126pt too wide) in paragraph at lines 134--134
\OT1/cmr/m/n/10 ing or lo-cally pre-cip-i-tat-ing, they must have a very fil-a-
men-tary struc-ture that per- 
 []


Overfull \hbox (5.37666pt too wide) in paragraph at lines 134--134
[]\OT1/cmr/m/n/10 Show, and com-ment on the Au-ro-ral elec-tro-ject strengths w
hen each cur-tain was 
 []


Overfull \hbox (0.2378pt too wide) in paragraph at lines 134--134
[]\OT1/cmr/m/n/10 Discuss the SAA, BLC, and show the cur-tains the the BLC plot
. Men-tion how 
 []


Overfull \hbox (3.84889pt too wide) in paragraph at lines 134--134
\OT1/cmr/m/n/10 these elec-trons must have been pre-cip-i-tat-ing for mul-ti-pl
e sec-onds, over an or-der 
 []


Overfull \hbox (7.07108pt too wide) in paragraph at lines 136--137
[]\OT1/cmr/m/n/10 In the spirit of brevity, we lim-ited the scope of these re-s
ults to an-swer the fol-low- 
 []

[2]
<figures/ac6_curtains_ae_width_dist.pdf, id=22, 722.7pt x 289.08pt>
File: figures/ac6_curtains_ae_width_dist.pdf Graphic file (type pdf)
<use figures/ac6_curtains_ae_width_dist.pdf>
Package pdftex.def Info: figures/ac6_curtains_ae_width_dist.pdf  used on input 
line 145.
(pdftex.def)             Requested size: 397.48499pt x 158.99448pt.

Underfull \hbox (badness 10000) in paragraph at lines 146--146
[]\OT1/cmr/bx/n/9 Figure  2. \OT1/cmr/m/n/9 Dis-tri-bu-tion of cur-tain in-trac
k width (AC6 in-track sep-a-ra-tion mostly in lat-i-tude)
 []


Underfull \hbox (badness 10000) in paragraph at lines 146--146
\OT1/cmr/m/n/9 in panel a. Panel b shows the dis-tri-bu-tion of the Au-ro-ral E
lec-tro-ject (AE) in-dex from 2014 to
 []

<figures/fig2.pdf, id=23, 987.20822pt x 361.35pt>
File: figures/fig2.pdf Graphic file (type pdf)
<use figures/fig2.pdf>
Package pdftex.def Info: figures/fig2.pdf  used on input line 151.
(pdftex.def)             Requested size: 397.48499pt x 145.49132pt.

Underfull \hbox (badness 10000) in paragraph at lines 152--152
[]\OT1/cmr/bx/n/9 Figure  3. \OT1/cmr/m/n/9 Dis-tri-bu-tion of cur-tains as a f
unc-tion of L and MLT. To avoid noisy nor-mal-iza-tion
 []


Underfull \hbox (badness 10000) in paragraph at lines 152--152
\OT1/cmr/m/n/9 scal-ing, bins with less than $10\OML/cmm/m/it/9 ; \OT1/cmr/m/n/
9 000$ 10 Hz sam-ples were not nor-mal-ized in panel b. []Check that
 []

<figures/curtain_L_vs_AE.pdf, id=24, 462.52798pt x 346.89601pt>
File: figures/curtain_L_vs_AE.pdf Graphic file (type pdf)
<use figures/curtain_L_vs_AE.pdf>
Package pdftex.def Info: figures/curtain_L_vs_AE.pdf  used on input line 157.
(pdftex.def)             Requested size: 397.48499pt x 298.12889pt.
<figures/fig3.pdf, id=25, 650.43pt x 490.7133pt>
File: figures/fig3.pdf Graphic file (type pdf)
<use figures/fig3.pdf>
Package pdftex.def Info: figures/fig3.pdf  used on input line 163.
(pdftex.def)             Requested size: 397.48499pt x 299.88876pt.

Overfull \hbox (6.23788pt too wide) in paragraph at lines 177--177
[]\OT1/cmr/m/n/10 Curtains are spa-tially small and must be around a few hun-dr
ed km at the equa- 
 []


Overfull \hbox (9.23795pt too wide) in paragraph at lines 177--177
[]\OT1/cmr/m/n/10 curtain phe-nom-ena orig-i-nates in the outer ra-di-a-tion be
lt, and ob-served rel-a-tively 
 []


Overfull \hbox (14.90451pt too wide) in paragraph at lines 177--177
\OT1/cmr/m/n/10 more in the evening than morn-ing re-gions. Lim-ited AC6 cov-er
-age pre-vents a com- 
 []


Underfull \vbox (badness 1215) has occurred while \output is active []

 [3 <./figures/fig1.pdf> <./figures/ac6_curtains_ae_width_dist.pdf

pdfTeX warning: pdflatex (file ./figures/ac6_curtains_ae_width_dist.pdf): PDF i
nclusion: multiple pdfs with page group included in a single page
>] [4 <./figures/fig2.pdf> <./figures/curtain_L_vs_AE.pdf

pdfTeX warning: pdflatex (file ./figures/curtain_L_vs_AE.pdf): PDF inclusion: m
ultiple pdfs with page group included in a single page
>]
Overfull \hbox (9.59898pt too wide) in paragraph at lines 177--177
[]\OT1/cmr/m/n/10 some cur-tains lo-cally pre-cip-i-tate for an ex-tended pe-ri
od of time so there must be 
 []


Overfull \hbox (3.07115pt too wide) in paragraph at lines 177--177
[]\OT1/cmr/m/n/10 AC6 can't an-swer this ques-tion, but cur-tains could pro-vid
e a sub-stan-tial source 
 []


Overfull \hbox (9.82117pt too wide) in paragraph at lines 177--177
\OT1/cmr/m/n/10 of HOx and NOX molecules re-spon-si-ble for de-stroy-ing ozone.
 We need AC6 with 
 []


Overfull \hbox (1.48782pt too wide) in paragraph at lines 183--185
\OT1/cmr/m/n/10 This work was made pos-si-ble with the help from the many en-gi
-neers and sci-en-tists at 
 []


Overfull \hbox (20.73793pt too wide) in paragraph at lines 183--185
\OT1/cmr/m/n/10 The Aerospace Cor-po-ra-tion who de-signed, built, and op-er-at
ed AC6. M. Shumko was sup- 
 []


Overfull \hbox (21.65457pt too wide) in paragraph at lines 183--185
\OT1/cmr/m/n/10 ported by NASA Head-quar-ters un-der the NASA Earth and Space S
ci-ence Fel-low-ship Pro- 
 []


Overfull \hbox (11.613pt too wide) in paragraph at lines 183--185
\OT1/cmr/m/n/10 gram - Grant 80NSSC18K1204. D.L. Turner is thank-ful for sup-po
rt from the Van Allen 
 []


Overfull \hbox (10.73798pt too wide) in paragraph at lines 183--185
\OT1/cmr/m/n/10 Probes mis-sion and a NASA grant (Prime award num-ber: 80NSSC19
K0280). The work 
 []


Overfull \hbox (5.73795pt too wide) in paragraph at lines 183--185
\OT1/cmr/m/n/10 at The Aerospace Cor-po-ra-tion was sup-ported in part by RBSP-
ECT fund-ing pro-vided 
 []


Overfull \hbox (17.79353pt too wide) in paragraph at lines 183--185
\OT1/cmr/m/n/10 by JHU/APL con-tract 967399 un-der NASA's Prime con-tract NAS50
1072. The AC6 data 
 []


Overfull \hbox (12.71022pt too wide) in paragraph at lines 183--185
\OT1/cmr/m/n/10 is avail-able at http://rbspgway.jhuapl.edu/ac6 and the IRBEM-L
ib ver-sion used for this 
 []


Overfull \hbox (12.34901pt too wide) in paragraph at lines 188--189
[]\OT1/cmr/m/n/10 Title: Sta-tis-ti-cal Prop-er-ties of Curtains--Latitudinally
-Narrow and Per-sis-tent Elec- 
 []


Underfull \vbox (badness 10000) has occurred while \output is active []

 [5 <./figures/fig3.pdf>]
Overfull \hbox (11.04341pt too wide) in paragraph at lines 190--191
[]\OT1/cmr/m/n/10 This study lever-ages AC6, a multi-spacecraft mis-sion, to in
-ter-pret and un-der-stand 
 []


Overfull \hbox (23.32124pt too wide) in paragraph at lines 192--193
[]\OT1/cmr/m/n/10 This study lever-ages the asym-me-try in Earth's mag-netic fi
eld. The asym-met-ric mag- 
 []


Overfull \hbox (20.09906pt too wide) in paragraph at lines 194--195
[]\OT1/cmr/m/n/10 Particles that im-pact the at-mo-sphere are lost dur-ing that
 bounce mo-tion. We found 
 []


Overfull \hbox (11.79344pt too wide) in paragraph at lines 194--195
\OT1/cmr/m/n/10 cur-tains in the bounce loss cone, a re-gion in the North At-la
ntic near and above Ice-land.  
 []


Overfull \hbox (4.26558pt too wide) in paragraph at lines 196--197
[]\OT1/cmr/m/n/10 The bounce loss cone is mag-net-i-cally con-nected to the SAA
, where Earth's mag- 
 []


Overfull \hbox (4.04333pt too wide) in paragraph at lines 196--197
\OT1/cmr/m/n/10 netic field is weak-est near Earth's sur-face. A par-ti-cle ob-
served in the blc in the north- 
 []


Overfull \hbox (1.26566pt too wide) in paragraph at lines 196--197
\OT1/cmr/m/n/10 ern hemi-sphere will de-scend be-low 100 km al-ti-tude. At sub-
100 km al-ti-tudes the par- 
 []


Overfull \hbox (10.15456pt too wide) in paragraph at lines 196--197
\OT1/cmr/m/n/10 ti-cle has a high chance of en-coun-ter-ing and scat-ter-ing wi
th the at-mo-sphere and be lost.  
 []


Overfull \hbox (2.32112pt too wide) in paragraph at lines 198--199
[]\OT1/cmr/m/n/10 We found cur-tain elec-trons that, when given the chance to e
x-e-cute their cycli-cal 
 []


Overfull \hbox (17.3212pt too wide) in paragraph at lines 198--199
\OT1/cmr/m/n/10 bounce mo-tion, will de-scend be-low Earth's sur-face in the SA
A. An elec-trons can not sur- 
 []


Overfull \hbox (14.23793pt too wide) in paragraph at lines 200--201
[]\OT1/cmr/m/n/10 Write the pa-per and ask the ques-tion: "What is this pa-per 
re-ally about?" Not just 
 []


Overfull \hbox (6.84908pt too wide) in paragraph at lines 200--201
\OT1/cmr/m/n/10 cur-tains, but un-cov-er-ing some-thing un-ex-pected that has b
een ob-served and over-looked 
 []


Overfull \hbox (11.23787pt too wide) in paragraph at lines 202--203
[]\OT1/cmr/m/n/10 Are cur-tains re-lated to au-rora? This is a good question---
one that is not per-ti-nent 
 []


Overfull \hbox (14.2933pt too wide) in paragraph at lines 204--205
[]\OT1/cmr/m/n/10 Here are two part-ing ques-tions to con-sider that are not co
n-sid-ered here. Why were 
 []


Overfull \hbox (16.76567pt too wide) in paragraph at lines 204--205
\OT1/cmr/m/n/10 some cur-tains shifted slightly? Per-haps it was due to the mov
e-ment of the mag-netic field 
 []


Overfull \hbox (1.15457pt too wide) in paragraph at lines 204--205
\OT1/cmr/m/n/10 lines. Also do cur-tains have a cor-re-spond-ing vi-sual sig-na
-ture on the ground? The an- 
 []

No file shumko_ac6_curtain_stats.bbl.
No file shumko_ac6_curtain_stats.bbl.
[6] (./shumko_ac6_curtain_stats.aux)

LaTeX Font Warning: Size substitutions with differences
(Font)              up to 0.45pt have occurred.

 ) 
Here is how much of TeX's memory you used:
 3354 strings out of 492982
 45979 string characters out of 6134897
 115502 words of memory out of 5000000
 6856 multiletter control sequences out of 15000+600000
 9435 words of font info for 34 fonts, out of 8000000 for 9000
 1147 hyphenation exceptions out of 8191
 50i,8n,37p,764b,305s stack positions out of 5000i,500n,10000p,200000b,80000s
</usr/share/texlive/texmf-dist/fonts/type1/public/amsfonts/cm/cmbx10.pfb></us
r/share/texlive/texmf-dist/fonts/type1/public/amsfonts/cm/cmbx12.pfb></usr/shar
e/texlive/texmf-dist/fonts/type1/public/amsfonts/cm/cmbx9.pfb></usr/share/texli
ve/texmf-dist/fonts/type1/public/amsfonts/cm/cmmi10.pfb></usr/share/texlive/tex
mf-dist/fonts/type1/public/amsfonts/cm/cmmi9.pfb></usr/share/texlive/texmf-dist
/fonts/type1/public/amsfonts/cm/cmr10.pfb></usr/share/texlive/texmf-dist/fonts/
type1/public/amsfonts/cm/cmr6.pfb></usr/share/texlive/texmf-dist/fonts/type1/pu
blic/amsfonts/cm/cmr7.pfb></usr/share/texlive/texmf-dist/fonts/type1/public/ams
fonts/cm/cmr8.pfb></usr/share/texlive/texmf-dist/fonts/type1/public/amsfonts/cm
/cmr9.pfb></usr/share/texlive/texmf-dist/fonts/type1/public/amsfonts/cm/cmss8.p
fb></usr/share/texlive/texmf-dist/fonts/type1/public/amsfonts/cm/cmsy5.pfb></us
r/share/texlive/texmf-dist/fonts/type1/public/amsfonts/cm/cmti9.pfb></usr/share
/texlive/texmf-dist/fonts/type1/public/amsfonts/cm/cmtt9.pfb>
Output written on shumko_ac6_curtain_stats.pdf (6 pages, 403685 bytes).
PDF statistics:
 314 PDF objects out of 1000 (max. 8388607)
 87 compressed objects within 1 object stream
 0 named destinations out of 1000 (max. 500000)
 26 words of extra memory for PDF output out of 10000 (max. 10000000)

